<?xml version="1.0" encoding="UTF-8"?>
<testExecutions version="1">
  <file path="C:\Mes dossiers\DC1 GIT\Classe\Projets_Transversaux\O2A-backend\Final\AllergyFrontend\backend_bonneversion\__tests__\specialist.spec.js">
  </file>
  <file path="C:\Mes dossiers\DC1 GIT\Classe\Projets_Transversaux\O2A-backend\Final\AllergyFrontend\backend_bonneversion\__tests__\post.spec.js">
  </file>
  <file path="C:\Mes dossiers\DC1 GIT\Classe\Projets_Transversaux\O2A-backend\Final\AllergyFrontend\backend_bonneversion\__tests__\user.spec.js">
  </file>
  <file path="C:\Mes dossiers\DC1 GIT\Classe\Projets_Transversaux\O2A-backend\Final\AllergyFrontend\backend_bonneversion\__tests__\comment.spec.js">
  </file>
  <file path="C:\Mes dossiers\DC1 GIT\Classe\Projets_Transversaux\O2A-backend\Final\AllergyFrontend\backend_bonneversion\__tests__\admin.spec.js">
  </file>
</testExecutions>